<?xml version="1.0" encoding="UTF-8"?>
<testng-results ignored="0" total="2" passed="2" failed="0" skipped="0">
  <reporter-output>
  </reporter-output>
  <suite started-at="2024-04-15T17:42:40 IST" name="Default suite" finished-at="2024-04-15T17:42:41 IST" duration-ms="1272">
    <groups>
    </groups>
    <test started-at="2024-04-15T17:42:40 IST" name="Default test" finished-at="2024-04-15T17:42:41 IST" duration-ms="1272">
      <class name="com.apollo2.apollo2_Homepage.MoreInfo">
        <test-method signature="dgx_Request()[pri:1, instance:com.apollo2.apollo2_Homepage.MoreInfo@6da21078]" started-at="2024-04-15T17:42:40 IST" name="dgx_Request" finished-at="2024-04-15T17:42:41 IST" duration-ms="1020" status="PASS">
          <reporter-output>
          </reporter-output>
        </test-method> <!-- dgx_Request -->
        <test-method signature="apollo2_Request()[pri:2, instance:com.apollo2.apollo2_Homepage.MoreInfo@6da21078]" started-at="2024-04-15T17:42:41 IST" name="apollo2_Request" finished-at="2024-04-15T17:42:41 IST" duration-ms="232" status="PASS">
          <reporter-output>
          </reporter-output>
        </test-method> <!-- apollo2_Request -->
      </class> <!-- com.apollo2.apollo2_Homepage.MoreInfo -->
    </test> <!-- Default test -->
  </suite> <!-- Default suite -->
</testng-results>
